

Started GET "/parties" for 127.0.0.1 at 2011-04-20 18:28:20 -0400
  Processing by PartiesController#index as HTML
  [1m[36mParty Load (2.0ms)[0m  [1mSELECT "parties".* FROM "parties"[0m
SQLite3::SQLException: no such table: parties: SELECT "parties".* FROM "parties"
Completed   in 728ms

ActiveRecord::StatementInvalid (SQLite3::SQLException: no such table: parties: SELECT "parties".* FROM "parties"):
  app/controllers/parties_controller.rb:3:in `index'

Rendered c:/Ruby192/lib/ruby/gems/1.9.1/gems/actionpack-3.0.7/lib/action_dispatch/middleware/templates/rescues/_trace.erb (2.0ms)
Rendered c:/Ruby192/lib/ruby/gems/1.9.1/gems/actionpack-3.0.7/lib/action_dispatch/middleware/templates/rescues/_request_and_response.erb (3.0ms)
Rendered c:/Ruby192/lib/ruby/gems/1.9.1/gems/actionpack-3.0.7/lib/action_dispatch/middleware/templates/rescues/diagnostics.erb within rescues/layout (59.0ms)


Started GET "/hosts" for 127.0.0.1 at 2011-04-20 18:28:42 -0400

AbstractController::ActionNotFound (The action 'index' could not be found for HostsController):
  

Rendered c:/Ruby192/lib/ruby/gems/1.9.1/gems/actionpack-3.0.7/lib/action_dispatch/middleware/templates/rescues/unknown_action.erb within rescues/layout (1.0ms)


Started GET "/guests" for 127.0.0.1 at 2011-04-20 18:28:49 -0400
  Processing by GuestsController#index as HTML
  [1m[35mGuest Load (1.0ms)[0m  SELECT "guests".* FROM "guests"
SQLite3::SQLException: no such table: guests: SELECT "guests".* FROM "guests"
Completed   in 31ms

ActiveRecord::StatementInvalid (SQLite3::SQLException: no such table: guests: SELECT "guests".* FROM "guests"):
  app/controllers/guests_controller.rb:3:in `index'

Rendered c:/Ruby192/lib/ruby/gems/1.9.1/gems/actionpack-3.0.7/lib/action_dispatch/middleware/templates/rescues/_trace.erb (1.0ms)
Rendered c:/Ruby192/lib/ruby/gems/1.9.1/gems/actionpack-3.0.7/lib/action_dispatch/middleware/templates/rescues/_request_and_response.erb (3.0ms)
Rendered c:/Ruby192/lib/ruby/gems/1.9.1/gems/actionpack-3.0.7/lib/action_dispatch/middleware/templates/rescues/diagnostics.erb within rescues/layout (58.0ms)
  [1m[36mSQL (2.0ms)[0m  [1m SELECT name
 FROM sqlite_master
 WHERE type = 'table' AND NOT name = 'sqlite_sequence'
[0m
  [1m[35mSQL (0.0ms)[0m  select sqlite_version(*)
  [1m[36mSQL (138.0ms)[0m  [1mCREATE TABLE "schema_migrations" ("version" varchar(255) NOT NULL) [0m
  [1m[35mSQL (0.0ms)[0m  PRAGMA index_list("schema_migrations")
  [1m[36mSQL (98.0ms)[0m  [1mCREATE UNIQUE INDEX "unique_schema_migrations" ON "schema_migrations" ("version")[0m
  [1m[35mSQL (1.0ms)[0m   SELECT name
 FROM sqlite_master
 WHERE type = 'table' AND NOT name = 'sqlite_sequence'
  [1m[36mSQL (0.0ms)[0m  [1m SELECT name
 FROM sqlite_master
 WHERE type = 'table' AND NOT name = 'sqlite_sequence'
[0m
  [1m[35mSQL (1.0ms)[0m  SELECT "schema_migrations"."version" FROM "schema_migrations"
Migrating to CreateGuests (20110420220337)
  [1m[36mSQL (2.0ms)[0m  [1mCREATE TABLE "guests" ("id" INTEGER PRIMARY KEY AUTOINCREMENT NOT NULL, "name" varchar(255), "email" varchar(255), "host_id" integer, "notes" text, "created_at" datetime, "updated_at" datetime) [0m
  [1m[35mSQL (0.0ms)[0m  INSERT INTO "schema_migrations" ("version") VALUES ('20110420220337')
Migrating to CreateGifts (20110420220453)
  [1m[36mSQL (2.0ms)[0m  [1mCREATE TABLE "gifts" ("id" INTEGER PRIMARY KEY AUTOINCREMENT NOT NULL, "invitation_id" integer, "description" text, "note_sent_on" date, "created_at" datetime, "updated_at" datetime) [0m
  [1m[35mSQL (0.0ms)[0m  INSERT INTO "schema_migrations" ("version") VALUES ('20110420220453')
Migrating to CreateLocations (20110420220717)
  [1m[36mSQL (2.0ms)[0m  [1mCREATE TABLE "locations" ("id" INTEGER PRIMARY KEY AUTOINCREMENT NOT NULL, "host_id" integer, "name" varchar(255), "street" varchar(255), "city" varchar(255), "state" varchar(255), "zip" integer, "latitude" float, "longitude" float, "created_at" datetime, "updated_at" datetime) [0m
  [1m[35mSQL (0.0ms)[0m  INSERT INTO "schema_migrations" ("version") VALUES ('20110420220717')
Migrating to CreatePartyTypes (20110420220835)
  [1m[36mSQL (1.0ms)[0m  [1mCREATE TABLE "party_types" ("id" INTEGER PRIMARY KEY AUTOINCREMENT NOT NULL, "name" varchar(255), "active" boolean, "created_at" datetime, "updated_at" datetime) [0m
  [1m[35mSQL (0.0ms)[0m  INSERT INTO "schema_migrations" ("version") VALUES ('20110420220835')
Migrating to CreateParties (20110420221031)
  [1m[36mSQL (2.0ms)[0m  [1mCREATE TABLE "parties" ("id" INTEGER PRIMARY KEY AUTOINCREMENT NOT NULL, "party_type_id" integer, "host_id" integer, "name" varchar(255), "location_id" integer, "party_date" date, "start_time" time, "end_time" time, "description" text, "rsvp_date" date, "created_at" datetime, "updated_at" datetime) [0m
  [1m[35mSQL (0.0ms)[0m  INSERT INTO "schema_migrations" ("version") VALUES ('20110420221031')
Migrating to CreateInvitations (20110420221400)
  [1m[36mSQL (2.0ms)[0m  [1mCREATE TABLE "invitations" ("id" INTEGER PRIMARY KEY AUTOINCREMENT NOT NULL, "party_id" integer, "guest_id" integer, "invite_code" varchar(255), "expected_attendees" integer, "actual_attendees" integer, "created_at" datetime, "updated_at" datetime) [0m
  [1m[35mSQL (0.0ms)[0m  INSERT INTO "schema_migrations" ("version") VALUES ('20110420221400')
Migrating to CreateHosts (20110420221739)
  [1m[36mSQL (3.0ms)[0m  [1mCREATE TABLE "hosts" ("id" INTEGER PRIMARY KEY AUTOINCREMENT NOT NULL, "username" varchar(255), "email" varchar(255), "password_hash" varchar(255), "password_salt" varchar(255), "created_at" datetime, "updated_at" datetime) [0m
  [1m[35mSQL (0.0ms)[0m  INSERT INTO "schema_migrations" ("version") VALUES ('20110420221739')
  [1m[36mSQL (0.0ms)[0m  [1m SELECT name
 FROM sqlite_master
 WHERE type = 'table' AND NOT name = 'sqlite_sequence'
[0m
  [1m[35mSQL (1.0ms)[0m  SELECT "schema_migrations"."version" FROM "schema_migrations"
  [1m[36mSQL (1.0ms)[0m  [1m SELECT name
 FROM sqlite_master
 WHERE type = 'table' AND NOT name = 'sqlite_sequence'
[0m
  [1m[35mSQL (0.0ms)[0m  PRAGMA index_list("gifts")
  [1m[36mSQL (0.0ms)[0m  [1mPRAGMA index_list("guests")[0m
  [1m[35mSQL (0.0ms)[0m  PRAGMA index_list("hosts")
  [1m[36mSQL (0.0ms)[0m  [1mPRAGMA index_list("invitations")[0m
  [1m[35mSQL (0.0ms)[0m  PRAGMA index_list("locations")
  [1m[36mSQL (0.0ms)[0m  [1mPRAGMA index_list("parties")[0m
  [1m[35mSQL (0.0ms)[0m  PRAGMA index_list("party_types")


Started GET "/guests" for 127.0.0.1 at 2011-04-20 18:30:57 -0400
  Processing by GuestsController#index as HTML
  [1m[36mGuest Load (1.0ms)[0m  [1mSELECT "guests".* FROM "guests"[0m
Rendered guests/index.html.erb within layouts/application (10.0ms)
Completed 200 OK in 794ms (Views: 102.0ms | ActiveRecord: 1.0ms)


Started GET "/locations" for 127.0.0.1 at 2011-04-20 18:31:10 -0400
  Processing by LocationsController#index as HTML
  [1m[35mLocation Load (1.0ms)[0m  SELECT "locations".* FROM "locations"
Rendered locations/index.html.erb within layouts/application (9.0ms)
Completed 200 OK in 132ms (Views: 103.0ms | ActiveRecord: 1.0ms)


Started GET "/locations/new" for 127.0.0.1 at 2011-04-20 18:31:16 -0400
  Processing by LocationsController#new as HTML
Rendered locations/_form.html.erb (105.0ms)
Rendered locations/new.html.erb within layouts/application (143.0ms)
Completed 200 OK in 293ms (Views: 234.0ms | ActiveRecord: 0.0ms)


Started GET "/login" for 127.0.0.1 at 2011-04-20 18:31:24 -0400
  Processing by SessionsController#new as HTML
Rendered sessions/new.html.erb within layouts/application (10.0ms)
Completed 200 OK in 101ms (Views: 100.0ms | ActiveRecord: 0.0ms)


Started POST "/sessions" for 127.0.0.1 at 2011-04-20 18:31:26 -0400
  Processing by SessionsController#create as HTML
  Parameters: {"utf8"=>"✓", "authenticity_token"=>"KaPRzm356WX1zB399UNAdHmSgXcCV0urD8o2TKMrtf4=", "login"=>"MrsH", "password"=>"[FILTERED]", "commit"=>"Log in"}
  [1m[36mSQL (1.0ms)[0m  [1m SELECT name
 FROM sqlite_master
 WHERE type = 'table' AND NOT name = 'sqlite_sequence'
[0m
  [1m[35mHost Load (1.0ms)[0m  SELECT "hosts".* FROM "hosts" WHERE "hosts"."username" = 'MrsH' LIMIT 1
  [1m[36mHost Load (0.0ms)[0m  [1mSELECT "hosts".* FROM "hosts" WHERE "hosts"."email" = 'MrsH' LIMIT 1[0m
Rendered sessions/new.html.erb within layouts/application (11.0ms)
Completed 200 OK in 226ms (Views: 107.0ms | ActiveRecord: 2.0ms)
  [1m[36mSQL (4.0ms)[0m  [1m SELECT name
 FROM sqlite_master
 WHERE type = 'table' AND NOT name = 'sqlite_sequence'
[0m
  [1m[35mSQL (1.0ms)[0m   SELECT name
 FROM sqlite_master
 WHERE type = 'table' AND NOT name = 'sqlite_sequence'
  [1m[36mSQL (1.0ms)[0m  [1mSELECT "schema_migrations"."version" FROM "schema_migrations"[0m
Migrating to CreateGuests (20110420220337)
Migrating to CreateGifts (20110420220453)
Migrating to CreateLocations (20110420220717)
Migrating to CreatePartyTypes (20110420220835)
Migrating to CreateParties (20110420221031)
Migrating to CreateInvitations (20110420221400)
Migrating to CreateHosts (20110420221739)
Migrating to Fixhosts (20110421005433)
  [1m[35mSQL (0.0ms)[0m  select sqlite_version(*)
  [1m[36mSQL (1.0ms)[0m  [1mCREATE TABLE "hosts" ("id" INTEGER PRIMARY KEY AUTOINCREMENT NOT NULL, "first_name" varchar(255), "last_name" varchar(255), "email" varchar(255), "username" varchar(255), "password" varchar(255), "created_at" datetime, "updated_at" datetime) [0m
SQLite3::SQLException: table "hosts" already exists: CREATE TABLE "hosts" ("id" INTEGER PRIMARY KEY AUTOINCREMENT NOT NULL, "first_name" varchar(255), "last_name" varchar(255), "email" varchar(255), "username" varchar(255), "password" varchar(255), "created_at" datetime, "updated_at" datetime) 
  [1m[36mSQL (3.0ms)[0m  [1m SELECT name
 FROM sqlite_master
 WHERE type = 'table' AND NOT name = 'sqlite_sequence'
[0m
  [1m[35mSQL (1.0ms)[0m   SELECT name
 FROM sqlite_master
 WHERE type = 'table' AND NOT name = 'sqlite_sequence'
  [1m[36mSQL (1.0ms)[0m  [1mSELECT "schema_migrations"."version" FROM "schema_migrations"[0m
Migrating to CreateGuests (20110420220337)
Migrating to CreateGifts (20110420220453)
Migrating to CreateLocations (20110420220717)
Migrating to CreatePartyTypes (20110420220835)
Migrating to CreateParties (20110420221031)
Migrating to CreateInvitations (20110420221400)
Migrating to CreateHosts (20110420221739)
Migrating to Fixhosts (20110421005433)
  [1m[35mSQL (1.0ms)[0m  select sqlite_version(*)
  [1m[36mSQL (3.0ms)[0m  [1mALTER TABLE "hosts" ADD "first_name" varchar(255)[0m
  [1m[35mSQL (0.0ms)[0m  ALTER TABLE "hosts" ADD "last_name" varchar(255)
  [1m[36mSQL (1.0ms)[0m  [1mALTER TABLE "hosts" ADD "email" varchar(255)[0m
SQLite3::SQLException: duplicate column name: email: ALTER TABLE "hosts" ADD "email" varchar(255)
  [1m[36mSQL (2.0ms)[0m  [1m SELECT name
 FROM sqlite_master
 WHERE type = 'table' AND NOT name = 'sqlite_sequence'
[0m
  [1m[35mSQL (1.0ms)[0m   SELECT name
 FROM sqlite_master
 WHERE type = 'table' AND NOT name = 'sqlite_sequence'
  [1m[36mSQL (1.0ms)[0m  [1mSELECT "schema_migrations"."version" FROM "schema_migrations"[0m
Migrating to CreateGuests (20110420220337)
Migrating to CreateGifts (20110420220453)
Migrating to CreateLocations (20110420220717)
Migrating to CreatePartyTypes (20110420220835)
Migrating to CreateParties (20110420221031)
Migrating to CreateInvitations (20110420221400)
Migrating to CreateHosts (20110420221739)
Migrating to Fixhosts (20110421005433)
  [1m[35mSQL (0.0ms)[0m  select sqlite_version(*)
  [1m[36mSQL (3.0ms)[0m  [1m SELECT name
 FROM sqlite_master
 WHERE type = 'table' AND NOT name = 'sqlite_sequence'
[0m
  [1m[35mSQL (0.0ms)[0m   SELECT name
 FROM sqlite_master
 WHERE type = 'table' AND NOT name = 'sqlite_sequence'
  [1m[36mSQL (1.0ms)[0m  [1mSELECT "schema_migrations"."version" FROM "schema_migrations"[0m
Migrating to CreateGuests (20110420220337)
Migrating to CreateGifts (20110420220453)
Migrating to CreateLocations (20110420220717)
Migrating to CreatePartyTypes (20110420220835)
Migrating to CreateParties (20110420221031)
Migrating to CreateInvitations (20110420221400)
Migrating to CreateHosts (20110420221739)
Migrating to Fixhosts (20110421005433)
  [1m[35mSQL (0.0ms)[0m  select sqlite_version(*)
  [1m[36mSQL (2.0ms)[0m  [1m SELECT name
 FROM sqlite_master
 WHERE type = 'table' AND NOT name = 'sqlite_sequence'
[0m
  [1m[35mSQL (1.0ms)[0m   SELECT name
 FROM sqlite_master
 WHERE type = 'table' AND NOT name = 'sqlite_sequence'
  [1m[36mSQL (1.0ms)[0m  [1mSELECT "schema_migrations"."version" FROM "schema_migrations"[0m
Migrating to CreateGuests (20110420220337)
Migrating to CreateGifts (20110420220453)
Migrating to CreateLocations (20110420220717)
Migrating to CreatePartyTypes (20110420220835)
Migrating to CreateParties (20110420221031)
Migrating to CreateInvitations (20110420221400)
Migrating to CreateHosts (20110420221739)
Migrating to Fixhosts (20110421005433)
  [1m[35mSQL (1.0ms)[0m  select sqlite_version(*)
  [1m[36mSQL (1.0ms)[0m  [1mALTER TABLE "host" ADD "first_name" varchar(255)[0m
SQLite3::SQLException: no such table: host: ALTER TABLE "host" ADD "first_name" varchar(255)
  [1m[36mSQL (3.0ms)[0m  [1m SELECT name
 FROM sqlite_master
 WHERE type = 'table' AND NOT name = 'sqlite_sequence'
[0m
  [1m[35mSQL (0.0ms)[0m   SELECT name
 FROM sqlite_master
 WHERE type = 'table' AND NOT name = 'sqlite_sequence'
  [1m[36mSQL (1.0ms)[0m  [1mSELECT "schema_migrations"."version" FROM "schema_migrations"[0m
Migrating to CreateGuests (20110420220337)
Migrating to CreateGifts (20110420220453)
Migrating to CreateLocations (20110420220717)
Migrating to CreatePartyTypes (20110420220835)
Migrating to CreateParties (20110420221031)
Migrating to CreateInvitations (20110420221400)
Migrating to CreateHosts (20110420221739)
Migrating to Fixhosts (20110421005433)
  [1m[35mSQL (0.0ms)[0m  select sqlite_version(*)
  [1m[36mSQL (4.0ms)[0m  [1mALTER TABLE "hosts" ADD "first_name" varchar(255)[0m
  [1m[35mSQL (0.0ms)[0m  ALTER TABLE "hosts" ADD "last_name" varchar(255)
  [1m[36mSQL (1.0ms)[0m  [1mINSERT INTO "schema_migrations" ("version") VALUES ('20110421005433')[0m
Migrating to AddDefaulHost (20110421010616)
  [1m[36mSQL (2.0ms)[0m  [1m SELECT name
 FROM sqlite_master
 WHERE type = 'table' AND NOT name = 'sqlite_sequence'
[0m
  [1m[35mSQL (1.0ms)[0m   SELECT name
 FROM sqlite_master
 WHERE type = 'table' AND NOT name = 'sqlite_sequence'
  [1m[36mSQL (1.0ms)[0m  [1mSELECT "schema_migrations"."version" FROM "schema_migrations"[0m
Migrating to CreateGuests (20110420220337)
Migrating to CreateGifts (20110420220453)
Migrating to CreateLocations (20110420220717)
Migrating to CreatePartyTypes (20110420220835)
Migrating to CreateParties (20110420221031)
Migrating to CreateInvitations (20110420221400)
Migrating to CreateHosts (20110420221739)
Migrating to Fixhosts (20110421005433)
Migrating to AddDefaulHost (20110421010616)
  [1m[35mSQL (1.0ms)[0m  select sqlite_version(*)
  [1m[36mSQL (1.0ms)[0m  [1mSELECT 1 FROM "hosts" WHERE ("hosts"."username" = 'MrsH') LIMIT 1[0m
  [1m[35mSQL (0.0ms)[0m  SELECT 1 FROM "hosts" WHERE ("hosts"."email" = 'dcermina@andrew.cmu.edu') LIMIT 1
  [1m[36mAREL (3.0ms)[0m  [1mINSERT INTO "hosts" ("username", "email", "password_hash", "password_salt", "created_at", "updated_at", "first_name", "last_name") VALUES ('MrsH', 'dcermina@andrew.cmu.edu', '$2a$10$z/Rl8sLFAJ5kQ77SJRyz/.NWqE3WPVysxe4Sley7F6ljzKslAewkW', '$2a$10$z/Rl8sLFAJ5kQ77SJRyz/.', '2011-04-21 01:20:38.084420', '2011-04-21 01:20:38.084420', NULL, NULL)[0m
  [1m[35mSQL (0.0ms)[0m  INSERT INTO "schema_migrations" ("version") VALUES ('20110421010616')
  [1m[36mSQL (1.0ms)[0m  [1m SELECT name
 FROM sqlite_master
 WHERE type = 'table' AND NOT name = 'sqlite_sequence'
[0m
  [1m[35mSQL (1.0ms)[0m  SELECT "schema_migrations"."version" FROM "schema_migrations"
  [1m[36mSQL (0.0ms)[0m  [1m SELECT name
 FROM sqlite_master
 WHERE type = 'table' AND NOT name = 'sqlite_sequence'
[0m
  [1m[35mSQL (0.0ms)[0m  PRAGMA index_list("gifts")
  [1m[36mSQL (0.0ms)[0m  [1mPRAGMA index_list("guests")[0m
  [1m[35mSQL (0.0ms)[0m  PRAGMA index_list("hosts")
  [1m[36mSQL (0.0ms)[0m  [1mPRAGMA index_list("invitations")[0m
  [1m[35mSQL (0.0ms)[0m  PRAGMA index_list("locations")
  [1m[36mSQL (0.0ms)[0m  [1mPRAGMA index_list("parties")[0m
  [1m[35mSQL (0.0ms)[0m  PRAGMA index_list("party_types")
